#
# There is insufficient memory for the Java Runtime Environment to continue.
# Native memory allocation (mmap) failed to map 130023424 bytes for G1 virtual space
# Possible reasons:
#   The system is out of physical RAM or swap space
#   The process is running with CompressedOops enabled, and the Java Heap may be blocking the growth of the native heap
# Possible solutions:
#   Reduce memory load on the system
#   Increase physical memory or swap space
#   Check if swap backing store is full
#   Decrease Java heap size (-Xmx/-Xms)
#   Decrease number of Java threads
#   Decrease Java thread stack sizes (-Xss)
#   Set larger code cache with -XX:ReservedCodeCacheSize=
#   JVM is running with Unscaled Compressed Oops mode in which the Java heap is
#     placed in the first 4GB address space. The Java Heap base address is the
#     maximum limit for the native heap growth. Please use -XX:HeapBaseMinAddress
#     to set the Java Heap base and to place the Java Heap above 4GB virtual address.
# This output file may be truncated or incomplete.
#
#  Out of Memory Error (os_windows.cpp:3548), pid=39576, tid=38880
#
# JRE version:  (17.0.12+8) (build )
# Java VM: Java HotSpot(TM) 64-Bit Server VM (17.0.12+8-LTS-286, mixed mode, sharing, tiered, compressed oops, compressed class ptrs, g1 gc, windows-amd64)
# No core dump will be written. Minidumps are not enabled by default on client versions of Windows
#

---------------  S U M M A R Y ------------

Command Line: -Dnet.bytebuddy.agent.attacher.dump= net.bytebuddy.agent.Attacher com.sun.tools.attach.VirtualMachine 24124 C:\Users\hisok\.m2\repository\net\bytebuddy\byte-buddy-agent\1.15.11\byte-buddy-agent-1.15.11.jar false 

Host: 13th Gen Intel(R) Core(TM) i5-13420H, 12 cores, 7G,  Windows 11 , 64 bit Build 26100 (10.0.26100.3037)
Time: Sun Feb 23 02:18:05 2025 Hora est. Pacífico, Sudamérica elapsed time: 2.040039 seconds (0d 0h 0m 2s)

---------------  T H R E A D  ---------------

Current thread (0x0000025f3335d630):  JavaThread "Unknown thread" [_thread_in_vm, id=38880, stack(0x0000008960800000,0x0000008960900000)]

Stack: [0x0000008960800000,0x0000008960900000]
Native frames: (J=compiled Java code, j=interpreted, Vv=VM code, C=native code)
V  [jvm.dll+0x67a04a]
V  [jvm.dll+0x7da4ed]
V  [jvm.dll+0x7dbe33]
V  [jvm.dll+0x7dc4a3]
V  [jvm.dll+0x24508f]
V  [jvm.dll+0x677089]
V  [jvm.dll+0x66bd32]
V  [jvm.dll+0x301fa6]
V  [jvm.dll+0x309546]
V  [jvm.dll+0x359d2e]
V  [jvm.dll+0x359f5f]
V  [jvm.dll+0x2d9078]
V  [jvm.dll+0x2d9fe4]
V  [jvm.dll+0x7aca21]
V  [jvm.dll+0x367591]
V  [jvm.dll+0x78b999]
V  [jvm.dll+0x3ec83f]
V  [jvm.dll+0x3ee471]
C  [jli.dll+0x5297]
C  [ucrtbase.dll+0x37b0]
C  [KERNEL32.DLL+0x2e8d7]
C  [ntdll.dll+0xbbf2c]


---------------  P R O C E S S  ---------------

Threads class SMR info:
_java_thread_list=0x00007ffdc7d47a18, length=0, elements={
}

Java Threads: ( => current thread )

Other Threads:
  0x0000025f333b5dc0 GCTaskThread "GC Thread#0" [stack: 0x0000008960900000,0x0000008960a00000] [id=24572]
  0x0000025f333c63d0 ConcurrentGCThread "G1 Main Marker" [stack: 0x0000008960a00000,0x0000008960b00000] [id=45788]
  0x0000025f333c7ab0 ConcurrentGCThread "G1 Conc#0" [stack: 0x0000008960b00000,0x0000008960c00000] [id=27164]

[error occurred during error reporting (printing all threads), id 0xc0000005, EXCEPTION_ACCESS_VIOLATION (0xc0000005) at pc=0x00007ffdc7579b67]

VM state: not at safepoint (not fully initialized)

VM Mutex/Monitor currently owned by a thread:  ([mutex/lock_event])
[0x0000025f33358bc0] Heap_lock - owner thread: 0x0000025f3335d630

Heap address: 0x0000000084a00000, size: 1974 MB, Compressed Oops mode: 32-bit

CDS archive(s) mapped at: [0x0000000000000000-0x0000000000000000-0x0000000000000000), size 0, SharedBaseAddress: 0x0000000800000000, ArchiveRelocationMode: 1.
Narrow klass base: 0x0000000000000000, Narrow klass shift: 0, Narrow klass range: 0x0

GC Precious Log:
<Empty>

Heap:
 garbage-first heap   total 0K, used 0K [0x0000000084a00000, 0x0000000100000000)
  region size 1024K, 0 young (0K), 0 survivors (0K)

[error occurred during error reporting (printing heap information), id 0xc0000005, EXCEPTION_ACCESS_VIOLATION (0xc0000005) at pc=0x00007ffdc7963859]

GC Heap History (0 events):
No events

Deoptimization events (0 events):
No events

Classes unloaded (0 events):
No events

Classes redefined (0 events):
No events

Internal exceptions (0 events):
No events

VM Operations (0 events):
No events

Events (1 events):
Event: 0.008 Loaded shared library C:\Program Files\Java\jdk-17\bin\java.dll


Dynamic libraries:
0x00007ff6af3a0000 - 0x00007ff6af3b0000 	C:\Program Files\Java\jdk-17\bin\java.exe
0x00007ffe3d900000 - 0x00007ffe3db63000 	C:\WINDOWS\SYSTEM32\ntdll.dll
0x00007ffe3b740000 - 0x00007ffe3b807000 	C:\WINDOWS\System32\KERNEL32.DLL
0x00007ffe3b080000 - 0x00007ffe3b447000 	C:\WINDOWS\System32\KERNELBASE.dll
0x00007ffe3b5c0000 - 0x00007ffe3b70c000 	C:\WINDOWS\System32\ucrtbase.dll
0x00007ffe347f0000 - 0x00007ffe3480b000 	C:\Program Files\Java\jdk-17\bin\VCRUNTIME140.dll
0x00007ffe329a0000 - 0x00007ffe329b9000 	C:\Program Files\Java\jdk-17\bin\jli.dll
0x00007ffe3b9b0000 - 0x00007ffe3ba64000 	C:\WINDOWS\System32\ADVAPI32.dll
0x00007ffe3d0b0000 - 0x00007ffe3d159000 	C:\WINDOWS\System32\msvcrt.dll
0x00007ffe3c070000 - 0x00007ffe3c116000 	C:\WINDOWS\System32\sechost.dll
0x00007ffe3c940000 - 0x00007ffe3ca56000 	C:\WINDOWS\System32\RPCRT4.dll
0x00007ffe3d1e0000 - 0x00007ffe3d3a9000 	C:\WINDOWS\System32\USER32.dll
0x00007ffe11990000 - 0x00007ffe11c20000 	C:\WINDOWS\WinSxS\amd64_microsoft.windows.common-controls_6595b64144ccf1df_6.0.26100.3037_none_3e09262ce333c378\COMCTL32.dll
0x00007ffe3b710000 - 0x00007ffe3b737000 	C:\WINDOWS\System32\win32u.dll
0x00007ffe3c120000 - 0x00007ffe3c14a000 	C:\WINDOWS\System32\GDI32.dll
0x00007ffe3add0000 - 0x00007ffe3aefb000 	C:\WINDOWS\System32\gdi32full.dll
0x00007ffe3b510000 - 0x00007ffe3b5b3000 	C:\WINDOWS\System32\msvcp_win.dll
0x00007ffe22e10000 - 0x00007ffe22e1b000 	C:\WINDOWS\SYSTEM32\VERSION.dll
0x00007ffe3bec0000 - 0x00007ffe3beef000 	C:\WINDOWS\System32\IMM32.DLL
0x00007ffe34a80000 - 0x00007ffe34a8c000 	C:\Program Files\Java\jdk-17\bin\vcruntime140_1.dll
0x00007ffdf11f0000 - 0x00007ffdf127e000 	C:\Program Files\Java\jdk-17\bin\msvcp140.dll
0x00007ffdc7290000 - 0x00007ffdc7e70000 	C:\Program Files\Java\jdk-17\bin\server\jvm.dll
0x00007ffe3bac0000 - 0x00007ffe3bac8000 	C:\WINDOWS\System32\PSAPI.DLL
0x00007ffe079f0000 - 0x00007ffe079fa000 	C:\WINDOWS\SYSTEM32\WSOCK32.dll
0x00007ffe2e9d0000 - 0x00007ffe2ea06000 	C:\WINDOWS\SYSTEM32\WINMM.dll
0x00007ffe3d3b0000 - 0x00007ffe3d424000 	C:\WINDOWS\System32\WS2_32.dll
0x00007ffe39be0000 - 0x00007ffe39bfa000 	C:\WINDOWS\SYSTEM32\kernel.appcore.dll
0x00007ffe32970000 - 0x00007ffe3297a000 	C:\Program Files\Java\jdk-17\bin\jimage.dll
0x00007ffe38180000 - 0x00007ffe383c1000 	C:\WINDOWS\SYSTEM32\DBGHELP.DLL
0x00007ffe3cae0000 - 0x00007ffe3ce5e000 	C:\WINDOWS\System32\combase.dll
0x00007ffe3b810000 - 0x00007ffe3b8e6000 	C:\WINDOWS\System32\OLEAUT32.dll
0x00007ffdf17c0000 - 0x00007ffdf17f9000 	C:\WINDOWS\SYSTEM32\dbgcore.DLL
0x00007ffe3ad30000 - 0x00007ffe3adc9000 	C:\WINDOWS\System32\bcryptPrimitives.dll
0x00007ffe2a630000 - 0x00007ffe2a655000 	C:\Program Files\Java\jdk-17\bin\java.dll

dbghelp: loaded successfully - version: 4.0.5 - missing functions: none
symbol engine: initialized successfully - sym options: 0x614 - pdb path: .;C:\Program Files\Java\jdk-17\bin;C:\WINDOWS\SYSTEM32;C:\WINDOWS\WinSxS\amd64_microsoft.windows.common-controls_6595b64144ccf1df_6.0.26100.3037_none_3e09262ce333c378;C:\Program Files\Java\jdk-17\bin\server

VM Arguments:
jvm_args: -Dnet.bytebuddy.agent.attacher.dump= 
java_command: net.bytebuddy.agent.Attacher com.sun.tools.attach.VirtualMachine 24124 C:\Users\hisok\.m2\repository\net\bytebuddy\byte-buddy-agent\1.15.11\byte-buddy-agent-1.15.11.jar false 
java_class_path (initial): C:\Users\hisok\.m2\repository\net\bytebuddy\byte-buddy-agent\1.15.11\byte-buddy-agent-1.15.11.jar
Launcher Type: SUN_STANDARD

[Global flags]
     intx CICompilerCount                          = 4                                         {product} {ergonomic}
     uint ConcGCThreads                            = 3                                         {product} {ergonomic}
     uint G1ConcRefinementThreads                  = 10                                        {product} {ergonomic}
   size_t G1HeapRegionSize                         = 1048576                                   {product} {ergonomic}
    uintx GCDrainStackTargetSize                   = 64                                        {product} {ergonomic}
   size_t InitialHeapSize                          = 130023424                                 {product} {ergonomic}
   size_t MarkStackSize                            = 4194304                                   {product} {ergonomic}
   size_t MaxHeapSize                              = 2069889024                                {product} {ergonomic}
   size_t MinHeapDeltaBytes                        = 1048576                                   {product} {ergonomic}
   size_t MinHeapSize                              = 8388608                                   {product} {ergonomic}
    uintx NonNMethodCodeHeapSize                   = 5839372                                {pd product} {ergonomic}
    uintx NonProfiledCodeHeapSize                  = 122909434                              {pd product} {ergonomic}
    uintx ProfiledCodeHeapSize                     = 122909434                              {pd product} {ergonomic}
    uintx ReservedCodeCacheSize                    = 251658240                              {pd product} {ergonomic}
     bool SegmentedCodeCache                       = true                                      {product} {ergonomic}
   size_t SoftMaxHeapSize                          = 2069889024                             {manageable} {ergonomic}
     bool UseCompressedClassPointers               = true                           {product lp64_product} {ergonomic}
     bool UseCompressedOops                        = true                           {product lp64_product} {ergonomic}
     bool UseG1GC                                  = true                                      {product} {ergonomic}
     bool UseLargePagesIndividualAllocation        = false                                  {pd product} {ergonomic}

Logging:
Log output configuration:
 #0: stdout all=warning uptime,level,tags
 #1: stderr all=off uptime,level,tags

Environment Variables:
PATH=C:\Program Files\Common Files\Oracle\Java\javapath;C:\Program Files\Python310\Scripts\;C:\Program Files\Python310\;C:\Program Files\Python313\Scripts\;C:\Program Files\Python313\;C:\Windows\system32;C:\Windows;C:\Windows\System32\Wbem;C:\Windows\System32\WindowsPowerShell\v1.0\;C:\Windows\System32\OpenSSH\;C:\Program Files (x86)\NVIDIA Corporation\PhysX\Common;C:\Program Files\NVIDIA Corporation\NVIDIA NvDLISR;C:\Program Files\dotnet\;C:\Program Files\nodejs\;C:\Program Files\Git\cmd;C:\WINDOWS\system32;C:\WINDOWS;C:\WINDOWS\System32\Wbem;C:\WINDOWS\System32\WindowsPowerShell\v1.0\;C:\WINDOWS\System32\OpenSSH\;C:\Users\hisok\AppData\Local\Programs\Python\Launcher\;C:\Users\hisok\AppData\Local\Microsoft\WindowsApps;C:\Users\hisok\AppData\Local\Programs\Microsoft VS Code\bin;C:\Users\hisok\AppData\Local\Muse Hub\lib;C:\Users\hisok\AppData\Roaming\npm;C:\Program Files\heroku\bin;C:\Program Files\PostgreSQL\17\bin;C:\Program Files\Java\jdk-17\bin;C:\Program Files\maven\apache-maven-3.9.9\bin;;C:\Program Files\JetBrains\IntelliJ IDEA 2024.3.3\bin;
USERNAME=hisok
OS=Windows_NT
PROCESSOR_IDENTIFIER=Intel64 Family 6 Model 186 Stepping 2, GenuineIntel



---------------  S Y S T E M  ---------------

OS:
 Windows 11 , 64 bit Build 26100 (10.0.26100.3037)
OS uptime: 2 days 9:19 hours
Hyper-V role detected

CPU: total 12 (initial active 12) (6 cores per cpu, 2 threads per core) family 6 model 186 stepping 2 microcode 0x4112, cx8, cmov, fxsr, ht, mmx, 3dnowpref, sse, sse2, sse3, ssse3, sse4.1, sse4.2, popcnt, lzcnt, tsc, tscinvbit, avx, avx2, aes, erms, clmul, bmi1, bmi2, adx, sha, fma, vzeroupper, clflush, clflushopt, clwb, hv

Memory: 4k page, system-wide physical 7895M (892M free)
TotalPageFile size 32471M (AvailPageFile size 203M)
current process WorkingSet (physical memory assigned to process): 11M, peak: 11M
current process commit charge ("private bytes"): 64M, peak: 188M

vm_info: Java HotSpot(TM) 64-Bit Server VM (17.0.12+8-LTS-286) for windows-amd64 JRE (17.0.12+8-LTS-286), built on Jun  5 2024 06:46:59 by "mach5one" with MS VC++ 17.6 (VS2022)

END.
